[tesla.jeanarbo.com/index.html]
[tesla.jeanarbo.com/assets/img/favicon/favicon.png]
[cdnjs.cloudflare.com/ajax/libs/twitter-bootstrap/4.1.1/css/bootstrap.min.css]
[cdnjs.cloudflare.com/ajax/libs/ionicons/2.0.1/css/ionicons.min.css]
[tesla.jeanarbo.com/assets/css/Footer-Basic.css]
[cdnjs.cloudflare.com/ajax/libs/aos/2.1.1/aos.css]
[unpkg.com/@bootstrapstudio/bootstrap-better-nav@1.4.0/dist/bootstrap-better-nav.min.css]
[tesla.jeanarbo.com/assets/css/styles.css]
[backblue.gif]
[fade.gif]
[index.html]
[tesla.jeanarbo.com/assets/img/interior.jpg]
[tesla.jeanarbo.com/assets/js/bs-animation.js]
[cdnjs.cloudflare.com/ajax/libs/aos/2.1.1/aos.js]
[cdnjs.cloudflare.com/ajax/libs/jquery/3.2.1/jquery.min.js]
[cdnjs.cloudflare.com/ajax/libs/twitter-bootstrap/4.1.1/js/bootstrap.bundle.min.js]
[unpkg.com/@bootstrapstudio/bootstrap-better-nav@1.4.0/dist/bootstrap-better-nav.min.js]
[tesla.jeanarbo.com/index.html]
[cdnjs.cloudflare.com/ajax/libs/twitter-bootstrap/4.1.1/css/bootstrap.min.css]
[cdnjs.cloudflare.com/ajax/libs/ionicons/2.0.1/css/ionicons.min.css]
[tesla.jeanarbo.com/assets/css/Footer-Basic.css]
[cdnjs.cloudflare.com/ajax/libs/aos/2.1.1/aos.css]
[unpkg.com/@bootstrapstudio/bootstrap-better-nav@1.4.0/dist/bootstrap-better-nav.min.css]
[tesla.jeanarbo.com/assets/img/hero-mobile.jpg]
[tesla.jeanarbo.com/assets/img/hero.jpg]
[tesla.jeanarbo.com/assets/img/logo.svg]
[tesla.jeanarbo.com/assets/img/back.jpg]
[tesla.jeanarbo.com/assets/img/top.jpg]
[tesla.jeanarbo.com/assets/css/styles.css]
[tesla.jeanarbo.com/assets/img/logo.svg]
